c:\users\днс\source\repos\rt\rt\debug\vc141.pdb
c:\users\днс\source\repos\rt\rt\debug\vc141.idb
c:\users\днс\source\repos\rt\rt\debug\vec3d.obj
c:\users\днс\source\repos\rt\rt\debug\source.obj
c:\users\днс\source\repos\rt\rt\debug\point3d.obj
c:\users\днс\source\repos\rt\debug\rt.pdb
c:\users\днс\source\repos\rt\rt\debug\rt.tlog\cl.command.1.tlog
c:\users\днс\source\repos\rt\rt\debug\rt.tlog\cl.read.1.tlog
c:\users\днс\source\repos\rt\rt\debug\rt.tlog\cl.write.1.tlog
c:\users\днс\source\repos\rt\rt\debug\rt.tlog\link-cvtres.read.1.tlog
c:\users\днс\source\repos\rt\rt\debug\rt.tlog\link-cvtres.write.1.tlog
c:\users\днс\source\repos\rt\rt\debug\rt.tlog\link-rc.read.1.tlog
c:\users\днс\source\repos\rt\rt\debug\rt.tlog\link-rc.write.1.tlog
c:\users\днс\source\repos\rt\rt\debug\rt.tlog\link.14592-cvtres.read.1.tlog
c:\users\днс\source\repos\rt\rt\debug\rt.tlog\link.14592-cvtres.write.1.tlog
c:\users\днс\source\repos\rt\rt\debug\rt.tlog\link.14592-rc.read.1.tlog
c:\users\днс\source\repos\rt\rt\debug\rt.tlog\link.14592-rc.write.1.tlog
c:\users\днс\source\repos\rt\rt\debug\rt.tlog\link.14592.read.1.tlog
c:\users\днс\source\repos\rt\rt\debug\rt.tlog\link.14592.write.1.tlog
c:\users\днс\source\repos\rt\rt\debug\rt.tlog\link.command.1.tlog
c:\users\днс\source\repos\rt\rt\debug\rt.tlog\link.read.1.tlog
c:\users\днс\source\repos\rt\rt\debug\rt.tlog\link.write.1.tlog
